#
# There is insufficient memory for the Java Runtime Environment to continue.
# Native memory allocation (malloc) failed to allocate 35728 bytes for Chunk::new
# Possible reasons:
#   The system is out of physical RAM or swap space
#   The process is running with CompressedOops enabled, and the Java Heap may be blocking the growth of the native heap
# Possible solutions:
#   Reduce memory load on the system
#   Increase physical memory or swap space
#   Check if swap backing store is full
#   Decrease Java heap size (-Xmx/-Xms)
#   Decrease number of Java threads
#   Decrease Java thread stack sizes (-Xss)
#   Set larger code cache with -XX:ReservedCodeCacheSize=
#   JVM is running with Unscaled Compressed Oops mode in which the Java heap is
#     placed in the first 4GB address space. The Java Heap base address is the
#     maximum limit for the native heap growth. Please use -XX:HeapBaseMinAddress
#     to set the Java Heap base and to place the Java Heap above 4GB virtual address.
# This output file may be truncated or incomplete.
#
#  Out of Memory Error (arena.cpp:184), pid=23972, tid=12916
#
# JRE version: Java(TM) SE Runtime Environment (18.0.1.1+2) (build 18.0.1.1+2-6)
# Java VM: Java HotSpot(TM) 64-Bit Server VM (18.0.1.1+2-6, mixed mode, sharing, tiered, compressed oops, compressed class ptrs, g1 gc, windows-amd64)
# No core dump will be written. Minidumps are not enabled by default on client versions of Windows
#

---------------  S U M M A R Y ------------

Command Line: -Dfile.encoding=UTF-8 --module-path=E:\netbeans java projects\Bank Management System\build\classes bank.management.system.Transactions

Host: Intel(R) Core(TM) i5-8250U CPU @ 1.60GHz, 8 cores, 3G,  Windows 11 , 64 bit Build 22621 (10.0.22621.1344)
Time: Wed Apr  5 23:43:53 2023 India Standard Time elapsed time: 0.780030 seconds (0d 0h 0m 0s)

---------------  T H R E A D  ---------------

Current thread (0x000001e98373b270):  JavaThread "C2 CompilerThread0" daemon [_thread_in_native, id=12916, stack(0x00000089cc500000,0x00000089cc600000)]


Current CompileTask:
C2:    780  836       4       java.lang.StringLatin1::toLowerCase (186 bytes)

Stack: [0x00000089cc500000,0x00000089cc600000]
Native frames: (J=compiled Java code, j=interpreted, Vv=VM code, C=native code)
V  [jvm.dll+0x69887a]
V  [jvm.dll+0x7f38bd]
V  [jvm.dll+0x7f51ce]
V  [jvm.dll+0x7f5883]
V  [jvm.dll+0x25ca3f]
V  [jvm.dll+0xb8c2f]
V  [jvm.dll+0xb8fa5]
V  [jvm.dll+0x1325ff]
V  [jvm.dll+0x62c4f5]
V  [jvm.dll+0x62aae4]
V  [jvm.dll+0x22fa98]
V  [jvm.dll+0x22eff1]
V  [jvm.dll+0x1b9cfc]
V  [jvm.dll+0x23e8ca]
V  [jvm.dll+0x23cbb5]
V  [jvm.dll+0x7a5fb1]
V  [jvm.dll+0x7a03ea]
V  [jvm.dll+0x697725]
C  [ucrtbase.dll+0x29363]
C  [KERNEL32.DLL+0x126bd]
C  [ntdll.dll+0x5a9f8]


---------------  P R O C E S S  ---------------

Threads class SMR info:
_java_thread_list=0x000001e987fb2d20, length=17, elements={
0x000001e9e7bd15c0, 0x000001e9e7bd3f70, 0x000001e9837368b0, 0x000001e983739260,
0x000001e983739c00, 0x000001e98373a5a0, 0x000001e98373b270, 0x000001e98373f280,
0x000001e98373fc60, 0x000001e9e7bbb270, 0x000001e987cdbae0, 0x000001e987ea72f0,
0x000001e987eca690, 0x000001e987ecee40, 0x000001e987f50d50, 0x000001e987f7bf30,
0x000001e9e7b1c1e0
}

Java Threads: ( => current thread )
  0x000001e9e7bd15c0 JavaThread "Reference Handler" daemon [_thread_blocked, id=20736, stack(0x00000089cbf00000,0x00000089cc000000)]
  0x000001e9e7bd3f70 JavaThread "Finalizer" daemon [_thread_blocked, id=9952, stack(0x00000089cc000000,0x00000089cc100000)]
  0x000001e9837368b0 JavaThread "Signal Dispatcher" daemon [_thread_blocked, id=19912, stack(0x00000089cc100000,0x00000089cc200000)]
  0x000001e983739260 JavaThread "Attach Listener" daemon [_thread_blocked, id=19112, stack(0x00000089cc200000,0x00000089cc300000)]
  0x000001e983739c00 JavaThread "Service Thread" daemon [_thread_blocked, id=17500, stack(0x00000089cc300000,0x00000089cc400000)]
  0x000001e98373a5a0 JavaThread "Monitor Deflation Thread" daemon [_thread_blocked, id=24008, stack(0x00000089cc400000,0x00000089cc500000)]
=>0x000001e98373b270 JavaThread "C2 CompilerThread0" daemon [_thread_in_native, id=12916, stack(0x00000089cc500000,0x00000089cc600000)]
  0x000001e98373f280 JavaThread "C1 CompilerThread0" daemon [_thread_blocked, id=25592, stack(0x00000089cc600000,0x00000089cc700000)]
  0x000001e98373fc60 JavaThread "Sweeper thread" daemon [_thread_blocked, id=18796, stack(0x00000089cc700000,0x00000089cc800000)]
  0x000001e9e7bbb270 JavaThread "Common-Cleaner" daemon [_thread_blocked, id=12156, stack(0x00000089cc800000,0x00000089cc900000)]
  0x000001e987cdbae0 JavaThread "Notification Thread" daemon [_thread_blocked, id=24460, stack(0x00000089cc900000,0x00000089cca00000)]
  0x000001e987ea72f0 JavaThread "Java2D Disposer" daemon [_thread_blocked, id=11276, stack(0x00000089ccb00000,0x00000089ccc00000)]
  0x000001e987eca690 JavaThread "AWT-Shutdown" [_thread_blocked, id=15320, stack(0x00000089ccc00000,0x00000089ccd00000)]
  0x000001e987ecee40 JavaThread "AWT-Windows" daemon [_thread_in_native, id=10976, stack(0x00000089ccd00000,0x00000089cce00000)]
  0x000001e987f50d50 JavaThread "Image Fetcher 0" daemon [_thread_blocked, id=5872, stack(0x00000089cce00000,0x00000089ccf00000)]
  0x000001e987f7bf30 JavaThread "AWT-EventQueue-0" [_thread_in_native, id=21004, stack(0x00000089ccf00000,0x00000089cd000000)]
  0x000001e9e7b1c1e0 JavaThread "DestroyJavaVM" [_thread_blocked, id=19388, stack(0x00000089cb800000,0x00000089cb900000)]

Other Threads:
  0x000001e9e7bcd3e0 VMThread "VM Thread" [stack: 0x00000089cbe00000,0x00000089cbf00000] [id=12208]
  0x000001e987d026f0 WatcherThread "VM Periodic Task Thread" [stack: 0x00000089cca00000,0x00000089ccb00000] [id=18048]
  0x000001e9e7b5f7e0 WorkerThread "GC Thread#0" [stack: 0x00000089cb900000,0x00000089cba00000] [id=18568]
  0x000001e9e7b685f0 ConcurrentGCThread "G1 Main Marker" [stack: 0x00000089cba00000,0x00000089cbb00000] [id=3040]
  0x000001e9e7b69e90 WorkerThread "G1 Conc#0" [stack: 0x00000089cbb00000,0x00000089cbc00000] [id=13260]
  0x000001e9e7ba6ce0 ConcurrentGCThread "G1 Refine#0" [stack: 0x00000089cbc00000,0x00000089cbd00000] [id=4920]
  0x000001e9e7ba7490 ConcurrentGCThread "G1 Service" [stack: 0x00000089cbd00000,0x00000089cbe00000] [id=18056]

Threads with active compile tasks:
C2 CompilerThread0      838  836       4       java.lang.StringLatin1::toLowerCase (186 bytes)

VM state: not at safepoint (normal execution)

VM Mutex/Monitor currently owned by a thread: None

Heap address: 0x00000000c1400000, size: 1004 MB, Compressed Oops mode: 32-bit

CDS archive(s) mapped at: [0x0000000800000000-0x0000000800ba0000-0x0000000800ba0000), size 12189696, SharedBaseAddress: 0x0000000800000000, ArchiveRelocationMode: 0.
Compressed class space mapped at: 0x0000000800c00000-0x0000000840c00000, reserved size: 1073741824
Narrow klass base: 0x0000000800000000, Narrow klass shift: 0, Narrow klass range: 0x100000000

GC Precious Log:
 CardTable entry size: 512
 Card Set container configuration: InlinePtr #cards 5 size 8 Array Of Cards #cards 12 size 40 Howl #buckets 4 coarsen threshold 1843 Howl Bitmap #cards 512 size 80 coarsen threshold 460 Card regions per heap region 1 cards per card region 2048
 CPUs: 8 total, 8 available
 Memory: 4012M
 Large Page Support: Disabled
 NUMA Support: Disabled
 Compressed Oops: Enabled (32-bit)
 Heap Region Size: 1M
 Heap Min Capacity: 8M
 Heap Initial Capacity: 64M
 Heap Max Capacity: 1004M
 Pre-touch: Disabled
 Parallel Workers: 8
 Concurrent Workers: 2
 Concurrent Refinement Workers: 8
 Periodic GC: Disabled

Heap:
 garbage-first heap   total 65536K, used 28672K [0x00000000c1400000, 0x0000000100000000)
  region size 1024K, 16 young (16384K), 0 survivors (0K)
 Metaspace       used 6661K, committed 6912K, reserved 1114112K
  class space    used 711K, committed 832K, reserved 1048576K

Heap Regions: E=young(eden), S=young(survivor), O=old, HS=humongous(starts), HC=humongous(continues), CS=collection set, F=free, OA=open archive, CA=closed archive, TAMS=top-at-mark-start (previous, next)
|   0|0x00000000c1400000, 0x00000000c1500000, 0x00000000c1500000|100%|HS|  |TAMS 0x00000000c1400000, 0x00000000c1400000| Complete 
|   1|0x00000000c1500000, 0x00000000c1600000, 0x00000000c1600000|100%|HC|  |TAMS 0x00000000c1500000, 0x00000000c1500000| Complete 
|   2|0x00000000c1600000, 0x00000000c1700000, 0x00000000c1700000|100%|HC|  |TAMS 0x00000000c1600000, 0x00000000c1600000| Complete 
|   3|0x00000000c1700000, 0x00000000c1800000, 0x00000000c1800000|100%|HC|  |TAMS 0x00000000c1700000, 0x00000000c1700000| Complete 
|   4|0x00000000c1800000, 0x00000000c1900000, 0x00000000c1900000|100%|HS|  |TAMS 0x00000000c1800000, 0x00000000c1800000| Complete 
|   5|0x00000000c1900000, 0x00000000c1a00000, 0x00000000c1a00000|100%|HC|  |TAMS 0x00000000c1900000, 0x00000000c1900000| Complete 
|   6|0x00000000c1a00000, 0x00000000c1b00000, 0x00000000c1b00000|100%|HC|  |TAMS 0x00000000c1a00000, 0x00000000c1a00000| Complete 
|   7|0x00000000c1b00000, 0x00000000c1c00000, 0x00000000c1c00000|100%|HC|  |TAMS 0x00000000c1b00000, 0x00000000c1b00000| Complete 
|   8|0x00000000c1c00000, 0x00000000c1d00000, 0x00000000c1d00000|100%|HS|  |TAMS 0x00000000c1c00000, 0x00000000c1c00000| Complete 
|   9|0x00000000c1d00000, 0x00000000c1e00000, 0x00000000c1e00000|100%|HC|  |TAMS 0x00000000c1d00000, 0x00000000c1d00000| Complete 
|  10|0x00000000c1e00000, 0x00000000c1f00000, 0x00000000c1f00000|100%|HC|  |TAMS 0x00000000c1e00000, 0x00000000c1e00000| Complete 
|  11|0x00000000c1f00000, 0x00000000c2000000, 0x00000000c2000000|100%|HC|  |TAMS 0x00000000c1f00000, 0x00000000c1f00000| Complete 
|  12|0x00000000c2000000, 0x00000000c2100000, 0x00000000c2100000|100%|HC|  |TAMS 0x00000000c2000000, 0x00000000c2000000| Complete 
|  13|0x00000000c2100000, 0x00000000c2100000, 0x00000000c2200000|  0%| F|  |TAMS 0x00000000c2100000, 0x00000000c2100000| Untracked 
|  14|0x00000000c2200000, 0x00000000c2200000, 0x00000000c2300000|  0%| F|  |TAMS 0x00000000c2200000, 0x00000000c2200000| Untracked 
|  15|0x00000000c2300000, 0x00000000c2300000, 0x00000000c2400000|  0%| F|  |TAMS 0x00000000c2300000, 0x00000000c2300000| Untracked 
|  16|0x00000000c2400000, 0x00000000c2400000, 0x00000000c2500000|  0%| F|  |TAMS 0x00000000c2400000, 0x00000000c2400000| Untracked 
|  17|0x00000000c2500000, 0x00000000c2500000, 0x00000000c2600000|  0%| F|  |TAMS 0x00000000c2500000, 0x00000000c2500000| Untracked 
|  18|0x00000000c2600000, 0x00000000c2600000, 0x00000000c2700000|  0%| F|  |TAMS 0x00000000c2600000, 0x00000000c2600000| Untracked 
|  19|0x00000000c2700000, 0x00000000c2700000, 0x00000000c2800000|  0%| F|  |TAMS 0x00000000c2700000, 0x00000000c2700000| Untracked 
|  20|0x00000000c2800000, 0x00000000c2800000, 0x00000000c2900000|  0%| F|  |TAMS 0x00000000c2800000, 0x00000000c2800000| Untracked 
|  21|0x00000000c2900000, 0x00000000c2900000, 0x00000000c2a00000|  0%| F|  |TAMS 0x00000000c2900000, 0x00000000c2900000| Untracked 
|  22|0x00000000c2a00000, 0x00000000c2a00000, 0x00000000c2b00000|  0%| F|  |TAMS 0x00000000c2a00000, 0x00000000c2a00000| Untracked 
|  23|0x00000000c2b00000, 0x00000000c2b00000, 0x00000000c2c00000|  0%| F|  |TAMS 0x00000000c2b00000, 0x00000000c2b00000| Untracked 
|  24|0x00000000c2c00000, 0x00000000c2c00000, 0x00000000c2d00000|  0%| F|  |TAMS 0x00000000c2c00000, 0x00000000c2c00000| Untracked 
|  25|0x00000000c2d00000, 0x00000000c2d00000, 0x00000000c2e00000|  0%| F|  |TAMS 0x00000000c2d00000, 0x00000000c2d00000| Untracked 
|  26|0x00000000c2e00000, 0x00000000c2e00000, 0x00000000c2f00000|  0%| F|  |TAMS 0x00000000c2e00000, 0x00000000c2e00000| Untracked 
|  27|0x00000000c2f00000, 0x00000000c2f00000, 0x00000000c3000000|  0%| F|  |TAMS 0x00000000c2f00000, 0x00000000c2f00000| Untracked 
|  28|0x00000000c3000000, 0x00000000c3000000, 0x00000000c3100000|  0%| F|  |TAMS 0x00000000c3000000, 0x00000000c3000000| Untracked 
|  29|0x00000000c3100000, 0x00000000c3100000, 0x00000000c3200000|  0%| F|  |TAMS 0x00000000c3100000, 0x00000000c3100000| Untracked 
|  30|0x00000000c3200000, 0x00000000c3200000, 0x00000000c3300000|  0%| F|  |TAMS 0x00000000c3200000, 0x00000000c3200000| Untracked 
|  31|0x00000000c3300000, 0x00000000c3300000, 0x00000000c3400000|  0%| F|  |TAMS 0x00000000c3300000, 0x00000000c3300000| Untracked 
|  32|0x00000000c3400000, 0x00000000c3400000, 0x00000000c3500000|  0%| F|  |TAMS 0x00000000c3400000, 0x00000000c3400000| Untracked 
|  33|0x00000000c3500000, 0x00000000c3500000, 0x00000000c3600000|  0%| F|  |TAMS 0x00000000c3500000, 0x00000000c3500000| Untracked 
|  34|0x00000000c3600000, 0x00000000c3600000, 0x00000000c3700000|  0%| F|  |TAMS 0x00000000c3600000, 0x00000000c3600000| Untracked 
|  35|0x00000000c3700000, 0x00000000c3700000, 0x00000000c3800000|  0%| F|  |TAMS 0x00000000c3700000, 0x00000000c3700000| Untracked 
|  36|0x00000000c3800000, 0x00000000c3800000, 0x00000000c3900000|  0%| F|  |TAMS 0x00000000c3800000, 0x00000000c3800000| Untracked 
|  37|0x00000000c3900000, 0x00000000c3900000, 0x00000000c3a00000|  0%| F|  |TAMS 0x00000000c3900000, 0x00000000c3900000| Untracked 
|  38|0x00000000c3a00000, 0x00000000c3a00000, 0x00000000c3b00000|  0%| F|  |TAMS 0x00000000c3a00000, 0x00000000c3a00000| Untracked 
|  39|0x00000000c3b00000, 0x00000000c3b00000, 0x00000000c3c00000|  0%| F|  |TAMS 0x00000000c3b00000, 0x00000000c3b00000| Untracked 
|  40|0x00000000c3c00000, 0x00000000c3c00000, 0x00000000c3d00000|  0%| F|  |TAMS 0x00000000c3c00000, 0x00000000c3c00000| Untracked 
|  41|0x00000000c3d00000, 0x00000000c3d00000, 0x00000000c3e00000|  0%| F|  |TAMS 0x00000000c3d00000, 0x00000000c3d00000| Untracked 
|  42|0x00000000c3e00000, 0x00000000c3e00000, 0x00000000c3f00000|  0%| F|  |TAMS 0x00000000c3e00000, 0x00000000c3e00000| Untracked 
|  43|0x00000000c3f00000, 0x00000000c3f00000, 0x00000000c4000000|  0%| F|  |TAMS 0x00000000c3f00000, 0x00000000c3f00000| Untracked 
|  44|0x00000000c4000000, 0x00000000c4000000, 0x00000000c4100000|  0%| F|  |TAMS 0x00000000c4000000, 0x00000000c4000000| Untracked 
|  45|0x00000000c4100000, 0x00000000c4100000, 0x00000000c4200000|  0%| F|  |TAMS 0x00000000c4100000, 0x00000000c4100000| Untracked 
|  46|0x00000000c4200000, 0x00000000c4200000, 0x00000000c4300000|  0%| F|  |TAMS 0x00000000c4200000, 0x00000000c4200000| Untracked 
|  47|0x00000000c4300000, 0x00000000c4300000, 0x00000000c4400000|  0%| F|  |TAMS 0x00000000c4300000, 0x00000000c4300000| Untracked 
|  48|0x00000000c4400000, 0x00000000c44ef430, 0x00000000c4500000| 93%| E|  |TAMS 0x00000000c4400000, 0x00000000c4400000| Complete 
|  49|0x00000000c4500000, 0x00000000c4600000, 0x00000000c4600000|100%| E|CS|TAMS 0x00000000c4500000, 0x00000000c4500000| Complete 
|  50|0x00000000c4600000, 0x00000000c4700000, 0x00000000c4700000|100%| E|CS|TAMS 0x00000000c4600000, 0x00000000c4600000| Complete 
|  51|0x00000000c4700000, 0x00000000c4800000, 0x00000000c4800000|100%| E|CS|TAMS 0x00000000c4700000, 0x00000000c4700000| Complete 
|  52|0x00000000c4800000, 0x00000000c4900000, 0x00000000c4900000|100%| E|CS|TAMS 0x00000000c4800000, 0x00000000c4800000| Complete 
|  53|0x00000000c4900000, 0x00000000c4a00000, 0x00000000c4a00000|100%| E|CS|TAMS 0x00000000c4900000, 0x00000000c4900000| Complete 
|  54|0x00000000c4a00000, 0x00000000c4b00000, 0x00000000c4b00000|100%| E|CS|TAMS 0x00000000c4a00000, 0x00000000c4a00000| Complete 
|  55|0x00000000c4b00000, 0x00000000c4c00000, 0x00000000c4c00000|100%| E|CS|TAMS 0x00000000c4b00000, 0x00000000c4b00000| Complete 
|  56|0x00000000c4c00000, 0x00000000c4d00000, 0x00000000c4d00000|100%| E|CS|TAMS 0x00000000c4c00000, 0x00000000c4c00000| Complete 
|  57|0x00000000c4d00000, 0x00000000c4e00000, 0x00000000c4e00000|100%| E|CS|TAMS 0x00000000c4d00000, 0x00000000c4d00000| Complete 
|  58|0x00000000c4e00000, 0x00000000c4f00000, 0x00000000c4f00000|100%| E|CS|TAMS 0x00000000c4e00000, 0x00000000c4e00000| Complete 
|  59|0x00000000c4f00000, 0x00000000c5000000, 0x00000000c5000000|100%| E|CS|TAMS 0x00000000c4f00000, 0x00000000c4f00000| Complete 
|  60|0x00000000c5000000, 0x00000000c5100000, 0x00000000c5100000|100%| E|CS|TAMS 0x00000000c5000000, 0x00000000c5000000| Complete 
|  61|0x00000000c5100000, 0x00000000c5200000, 0x00000000c5200000|100%| E|CS|TAMS 0x00000000c5100000, 0x00000000c5100000| Complete 
|  62|0x00000000c5200000, 0x00000000c5300000, 0x00000000c5300000|100%| E|CS|TAMS 0x00000000c5200000, 0x00000000c5200000| Complete 
|  63|0x00000000c5300000, 0x00000000c5400000, 0x00000000c5400000|100%| E|CS|TAMS 0x00000000c5300000, 0x00000000c5300000| Complete 

Card table byte_map: [0x000001e9fe980000,0x000001e9feb80000] _byte_map_base: 0x000001e9fe376000

Marking Bits (Prev, Next): (CMBitMap*) 0x000001e9e7b5fde0, (CMBitMap*) 0x000001e9e7b5fe20
 Prev Bits: [0x000001e9fed80000, 0x000001e9ffd30000)
 Next Bits: [0x000001e980000000, 0x000001e980fb0000)

Polling page: 0x000001e9e5a70000

Metaspace:

Usage:
  Non-class:      5.81 MB used.
      Class:    711.78 KB used.
       Both:      6.51 MB used.

Virtual space:
  Non-class space:       64.00 MB reserved,       5.94 MB (  9%) committed,  1 nodes.
      Class space:        1.00 GB reserved,     832.00 KB ( <1%) committed,  1 nodes.
             Both:        1.06 GB reserved,       6.75 MB ( <1%) committed. 

Chunk freelists:
   Non-Class:  2.12 MB
       Class:  3.24 MB
        Both:  5.36 MB

MaxMetaspaceSize: unlimited
CompressedClassSpaceSize: 1.00 GB
Initial GC threshold: 21.00 MB
Current GC threshold: 21.00 MB
CDS: on
MetaspaceReclaimPolicy: balanced
 - commit_granule_bytes: 65536.
 - commit_granule_words: 8192.
 - virtual_space_node_default_size: 8388608.
 - enlarge_chunks_in_place: 1.
 - new_chunks_are_fully_committed: 0.
 - uncommit_free_chunks: 1.
 - use_allocation_guard: 0.


Internal statistics:

num_allocs_failed_limit: 0.
num_arena_births: 126.
num_arena_deaths: 0.
num_vsnodes_births: 2.
num_vsnodes_deaths: 0.
num_space_committed: 108.
num_space_uncommitted: 0.
num_chunks_returned_to_freelist: 0.
num_chunks_taken_from_freelist: 174.
num_chunk_merges: 0.
num_chunk_splits: 93.
num_chunks_enlarged: 22.
num_inconsistent_stats: 0.

CodeHeap 'non-profiled nmethods': size=120000Kb used=251Kb max_used=251Kb free=119748Kb
 bounds [0x000001e9f6f20000, 0x000001e9f7190000, 0x000001e9fe450000]
CodeHeap 'profiled nmethods': size=120000Kb used=1353Kb max_used=1353Kb free=118646Kb
 bounds [0x000001e9ef9f0000, 0x000001e9efc60000, 0x000001e9f6f20000]
CodeHeap 'non-nmethods': size=5760Kb used=1267Kb max_used=1282Kb free=4492Kb
 bounds [0x000001e9ef450000, 0x000001e9ef6c0000, 0x000001e9ef9f0000]
 total_blobs=1493 nmethods=913 adapters=493
 compilation: enabled
              stopped_count=0, restarted_count=0
 full_count=0

Compilation events (20 events):
Event: 0.751 Thread 0x000001e98373f280  828       3       sun.nio.ch.FileChannelImpl::beginBlocking (12 bytes)
Event: 0.751 Thread 0x000001e98373f280 nmethod 828 0x000001e9efb22710 code [0x000001e9efb228c0, 0x000001e9efb22a28]
Event: 0.752 Thread 0x000001e98373f280  829       1       java.awt.Component::isVisible_NoClientCode (5 bytes)
Event: 0.752 Thread 0x000001e98373f280 nmethod 829 0x000001e9f6f5c010 code [0x000001e9f6f5c1a0, 0x000001e9f6f5c278]
Event: 0.754 Thread 0x000001e98373b270 nmethod 825 0x000001e9f6f5c310 code [0x000001e9f6f5c4c0, 0x000001e9f6f5c858]
Event: 0.756 Thread 0x000001e98373f280  830       3       java.lang.Double::isNaN (12 bytes)
Event: 0.756 Thread 0x000001e98373f280 nmethod 830 0x000001e9efb22b10 code [0x000001e9efb22ca0, 0x000001e9efb22e18]
Event: 0.759 Thread 0x000001e98373b270  831       4       java.lang.StringLatin1::canEncode (13 bytes)
Event: 0.759 Thread 0x000001e98373b270 nmethod 831 0x000001e9f6f5cb10 code [0x000001e9f6f5cc80, 0x000001e9f6f5ccf8]
Event: 0.759 Thread 0x000001e98373b270  832       4       java.lang.String::<init> (15 bytes)
Event: 0.760 Thread 0x000001e98373f280  833       3       java.lang.StringLatin1::toLowerCase (186 bytes)
Event: 0.760 Thread 0x000001e98373f280 nmethod 833 0x000001e9efb22e90 code [0x000001e9efb23100, 0x000001e9efb23c58]
Event: 0.760 Thread 0x000001e98373f280  834       3       java.lang.String::toLowerCase (29 bytes)
Event: 0.761 Thread 0x000001e98373b270 nmethod 832 0x000001e9f6f5ce10 code [0x000001e9f6f5cf80, 0x000001e9f6f5d0d8]
Event: 0.761 Thread 0x000001e98373f280 nmethod 834 0x000001e9efb24090 code [0x000001e9efb24260, 0x000001e9efb24518]
Event: 0.761 Thread 0x000001e98373b270  835       4       java.lang.CharacterDataLatin1::toLowerCase (39 bytes)
Event: 0.762 Thread 0x000001e98373b270 nmethod 835 0x000001e9f6f5d190 code [0x000001e9f6f5d300, 0x000001e9f6f5d3f8]
Event: 0.770 Thread 0x000001e98373b270  836       4       java.lang.StringLatin1::toLowerCase (186 bytes)
Event: 0.774 Thread 0x000001e98373f280  837       3       java.util.ArrayList::<init> (61 bytes)
Event: 0.775 Thread 0x000001e98373f280 nmethod 837 0x000001e9efb24610 code [0x000001e9efb24880, 0x000001e9efb25218]

GC Heap History (0 events):
No events

Deoptimization events (20 events):
Event: 0.588 Thread 0x000001e9e7b1c1e0 Uncommon trap: trap_request=0xffffff45 fr.pc=0x000001e9f6f4a0a4 relative=0x0000000000000224
Event: 0.588 Thread 0x000001e9e7b1c1e0 Uncommon trap: reason=unstable_if action=reinterpret pc=0x000001e9f6f4a0a4 method=java.lang.StringUTF16.compress([CI[BII)I @ 20 c2
Event: 0.588 Thread 0x000001e9e7b1c1e0 DEOPT PACKING pc=0x000001e9f6f4a0a4 sp=0x00000089cb8fdcf0
Event: 0.588 Thread 0x000001e9e7b1c1e0 DEOPT UNPACKING pc=0x000001e9ef4a23a3 sp=0x00000089cb8fdc70 mode 2
Event: 0.727 Thread 0x000001e987f7bf30 Uncommon trap: trap_request=0xffffffde fr.pc=0x000001e9f6f58674 relative=0x00000000000002b4
Event: 0.727 Thread 0x000001e987f7bf30 Uncommon trap: reason=class_check action=maybe_recompile pc=0x000001e9f6f58674 method=java.util.HashMap.getNode(Ljava/lang/Object;)Ljava/util/HashMap$Node; @ 63 c2
Event: 0.727 Thread 0x000001e987f7bf30 DEOPT PACKING pc=0x000001e9f6f58674 sp=0x00000089ccffd860
Event: 0.727 Thread 0x000001e987f7bf30 DEOPT UNPACKING pc=0x000001e9ef4a23a3 sp=0x00000089ccffd7c8 mode 2
Event: 0.731 Thread 0x000001e987f7bf30 Uncommon trap: trap_request=0xffffffde fr.pc=0x000001e9f6f58674 relative=0x00000000000002b4
Event: 0.731 Thread 0x000001e987f7bf30 Uncommon trap: reason=class_check action=maybe_recompile pc=0x000001e9f6f58674 method=java.util.HashMap.getNode(Ljava/lang/Object;)Ljava/util/HashMap$Node; @ 63 c2
Event: 0.731 Thread 0x000001e987f7bf30 DEOPT PACKING pc=0x000001e9f6f58674 sp=0x00000089ccffd750
Event: 0.732 Thread 0x000001e987f7bf30 DEOPT UNPACKING pc=0x000001e9ef4a23a3 sp=0x00000089ccffd6b8 mode 2
Event: 0.735 Thread 0x000001e987f7bf30 Uncommon trap: trap_request=0xffffffde fr.pc=0x000001e9f6f58674 relative=0x00000000000002b4
Event: 0.735 Thread 0x000001e987f7bf30 Uncommon trap: reason=class_check action=maybe_recompile pc=0x000001e9f6f58674 method=java.util.HashMap.getNode(Ljava/lang/Object;)Ljava/util/HashMap$Node; @ 63 c2
Event: 0.735 Thread 0x000001e987f7bf30 DEOPT PACKING pc=0x000001e9f6f58674 sp=0x00000089ccffd860
Event: 0.735 Thread 0x000001e987f7bf30 DEOPT UNPACKING pc=0x000001e9ef4a23a3 sp=0x00000089ccffd7c8 mode 2
Event: 0.743 Thread 0x000001e987f7bf30 Uncommon trap: trap_request=0xffffffde fr.pc=0x000001e9f6f58674 relative=0x00000000000002b4
Event: 0.743 Thread 0x000001e987f7bf30 Uncommon trap: reason=class_check action=maybe_recompile pc=0x000001e9f6f58674 method=java.util.HashMap.getNode(Ljava/lang/Object;)Ljava/util/HashMap$Node; @ 63 c2
Event: 0.743 Thread 0x000001e987f7bf30 DEOPT PACKING pc=0x000001e9f6f58674 sp=0x00000089ccffd750
Event: 0.743 Thread 0x000001e987f7bf30 DEOPT UNPACKING pc=0x000001e9ef4a23a3 sp=0x00000089ccffd6b8 mode 2

Classes loaded (20 events):
Event: 0.721 Loading class jdk/internal/misc/ScopedMemoryAccess$Scope
Event: 0.721 Loading class jdk/internal/misc/ScopedMemoryAccess$Scope done
Event: 0.725 Loading class sun/font/FontDesignMetrics$KeyReference
Event: 0.725 Loading class sun/font/FontDesignMetrics$KeyReference done
Event: 0.725 Loading class sun/awt/image/BufImgSurfaceManager
Event: 0.725 Loading class sun/awt/image/BufImgSurfaceManager done
Event: 0.727 Loading class sun/font/CompositeGlyphMapper
Event: 0.728 Loading class sun/font/CompositeGlyphMapper done
Event: 0.732 Loading class java/awt/print/PrinterGraphics
Event: 0.732 Loading class java/awt/print/PrinterGraphics done
Event: 0.732 Loading class java/awt/PrintGraphics
Event: 0.732 Loading class java/awt/PrintGraphics done
Event: 0.732 Loading class sun/java2d/loops/FontInfo
Event: 0.732 Loading class sun/java2d/loops/FontInfo done
Event: 0.733 Loading class javax/swing/plaf/metal/MetalUtils
Event: 0.734 Loading class javax/swing/plaf/metal/MetalUtils done
Event: 0.734 Loading class javax/swing/JToolBar
Event: 0.734 Loading class javax/swing/JToolBar done
Event: 0.756 Loading class sun/font/SunFontManager$FamilyDescription
Event: 0.756 Loading class sun/font/SunFontManager$FamilyDescription done

Classes unloaded (0 events):
No events

Classes redefined (0 events):
No events

Internal exceptions (17 events):
Event: 0.104 Thread 0x000001e9e7b1c1e0 Exception <a 'sun/nio/fs/WindowsException'{0x00000000c5235cf0}> (0x00000000c5235cf0) 
thrown [s\open\src\hotspot\share\prims\jni.cpp, line 516]
Event: 0.104 Thread 0x000001e9e7b1c1e0 Exception <a 'sun/nio/fs/WindowsException'{0x00000000c5236208}> (0x00000000c5236208) 
thrown [s\open\src\hotspot\share\prims\jni.cpp, line 516]
Event: 0.106 Thread 0x000001e9e7b1c1e0 Exception <a 'sun/nio/fs/WindowsException'{0x00000000c52383f8}> (0x00000000c52383f8) 
thrown [s\open\src\hotspot\share\prims\jni.cpp, line 516]
Event: 0.106 Thread 0x000001e9e7b1c1e0 Exception <a 'sun/nio/fs/WindowsException'{0x00000000c5238e38}> (0x00000000c5238e38) 
thrown [s\open\src\hotspot\share\prims\jni.cpp, line 516]
Event: 0.152 Thread 0x000001e9e7b1c1e0 Exception <a 'java/lang/ClassNotFoundException'{0x00000000c52fbbf0}: sun/awt/resources/spi/awtProvider> (0x00000000c52fbbf0) 
thrown [s\open\src\hotspot\share\classfile\systemDictionary.cpp, line 255]
Event: 0.180 Thread 0x000001e9e7b1c1e0 Exception <a 'java/io/FileNotFoundException'{0x00000000c514f800}> (0x00000000c514f800) 
thrown [s\open\src\hotspot\share\prims\jni.cpp, line 516]
Event: 0.192 Thread 0x000001e9e7b1c1e0 Exception <a 'java/io/FileNotFoundException'{0x00000000c517ca48}> (0x00000000c517ca48) 
thrown [s\open\src\hotspot\share\prims\jni.cpp, line 516]
Event: 0.262 Thread 0x000001e9e7b1c1e0 Exception <a 'java/lang/NoSuchMethodError'{0x00000000c51c10c0}: 'java.lang.Object java.lang.invoke.DirectMethodHandle$Holder.invokeStaticInit(java.lang.Object)'> (0x00000000c51c10c0) 
thrown [s\open\src\hotspot\share\interpreter\linkResolver.cpp, line 766]
Event: 0.316 Thread 0x000001e9e7b1c1e0 Exception <a 'java/lang/NoSuchMethodError'{0x00000000c5095028}: 'void java.lang.invoke.DirectMethodHandle$Holder.invokeSpecial(java.lang.Object, java.lang.Object, java.lang.Object)'> (0x00000000c5095028) 
thrown [s\open\src\hotspot\share\interpreter\linkResolver.cpp, line 766]
Event: 0.328 Thread 0x000001e9e7b1c1e0 Exception <a 'java/lang/NoSuchMethodError'{0x00000000c50c0140}: 'java.lang.Object java.lang.invoke.DirectMethodHandle$Holder.newInvokeSpecial(java.lang.Object, java.lang.Object, java.lang.Object, java.lang.Object, java.lang.Object)'> (0x00000000c50c0140) 
thrown [s\open\src\hotspot\share\interpreter\linkResolver.cpp, line 766]
Event: 0.339 Thread 0x000001e9e7b1c1e0 Exception <a 'java/lang/NoSuchMethodError'{0x00000000c50f1e90}: 'java.lang.Object java.lang.invoke.DirectMethodHandle$Holder.invokeStatic(java.lang.Object, int, java.lang.Object)'> (0x00000000c50f1e90) 
thrown [s\open\src\hotspot\share\interpreter\linkResolver.cpp, line 766]
Event: 0.392 Thread 0x000001e9e7b1c1e0 Exception <a 'java/lang/ClassNotFoundException'{0x00000000c4faf128}: com/sun/swing/internal/plaf/metal/resources/spi/metalProvider> (0x00000000c4faf128) 
thrown [s\open\src\hotspot\share\classfile\systemDictionary.cpp, line 255]
Event: 0.393 Thread 0x000001e9e7b1c1e0 Exception <a 'java/lang/ClassNotFoundException'{0x00000000c4fb31b0}: com/sun/swing/internal/plaf/basic/resources/spi/basicProvider> (0x00000000c4fb31b0) 
thrown [s\open\src\hotspot\share\classfile\systemDictionary.cpp, line 255]
Event: 0.403 Thread 0x000001e9e7b1c1e0 Exception <a 'java/lang/NoSuchMethodError'{0x00000000c4fd3560}: 'int java.lang.invoke.Invokers$Holder.invokeExact_MT(java.lang.Object, java.lang.Object)'> (0x00000000c4fd3560) 
thrown [s\open\src\hotspot\share\interpreter\linkResolver.cpp, line 766]
Event: 0.469 Thread 0x000001e987f50d50 Exception <a 'java/lang/NoSuchMethodError'{0x00000000c4d679c8}: 'java.lang.Object java.lang.invoke.DirectMethodHandle$Holder.newInvokeSpecial(java.lang.Object, java.lang.Object, java.lang.Object, int, int, int, int, int)'> (0x00000000c4d679c8) 
thrown [s\open\src\hotspot\share\interpreter\linkResolver.cpp, line 766]
Event: 0.555 Thread 0x000001e987ecee40 Exception <a 'java/lang/NoSuchMethodError'{0x00000000c5010250}: 'void java.lang.invoke.DirectMethodHandle$Holder.invokeVirtual(java.lang.Object, java.lang.Object)'> (0x00000000c5010250) 
thrown [s\open\src\hotspot\share\interpreter\linkResolver.cpp, line 766]
Event: 0.573 Thread 0x000001e9e7b1c1e0 Exception <a 'java/lang/NoSuchMethodError'{0x00000000c451f5e8}: 'void java.lang.invoke.DirectMethodHandle$Holder.invokeStaticInit(java.lang.Object)'> (0x00000000c451f5e8) 
thrown [s\open\src\hotspot\share\interpreter\linkResolver.cpp, line 766]

VM Operations (8 events):
Event: 0.107 Executing VM operation: HandshakeAllThreads
Event: 0.107 Executing VM operation: HandshakeAllThreads done
Event: 0.503 Executing VM operation: HandshakeAllThreads
Event: 0.503 Executing VM operation: HandshakeAllThreads done
Event: 0.536 Executing VM operation: HandshakeAllThreads
Event: 0.536 Executing VM operation: HandshakeAllThreads done
Event: 0.685 Executing VM operation: HandshakeAllThreads
Event: 0.685 Executing VM operation: HandshakeAllThreads done

Events (20 events):
Event: 0.053 Thread 0x000001e98373b270 Thread added: 0x000001e98373b270
Event: 0.053 Thread 0x000001e98373f280 Thread added: 0x000001e98373f280
Event: 0.053 Thread 0x000001e98373fc60 Thread added: 0x000001e98373fc60
Event: 0.083 Thread 0x000001e9e7bbb270 Thread added: 0x000001e9e7bbb270
Event: 0.099 Loaded shared library C:\Program Files\Java\jdk-18.0.1.1\bin\net.dll
Event: 0.101 Loaded shared library C:\Program Files\Java\jdk-18.0.1.1\bin\nio.dll
Event: 0.120 Thread 0x000001e987cdbae0 Thread added: 0x000001e987cdbae0
Event: 0.126 Loaded shared library C:\Program Files\Java\jdk-18.0.1.1\bin\zip.dll
Event: 0.145 Loaded shared library C:\Program Files\Java\jdk-18.0.1.1\bin\jimage.dll
Event: 0.163 Loaded shared library C:\Program Files\Java\jdk-18.0.1.1\bin\awt.dll
Event: 0.263 Thread 0x000001e987ea72f0 Thread added: 0x000001e987ea72f0
Event: 0.264 Thread 0x000001e987eca690 Thread added: 0x000001e987eca690
Event: 0.267 Thread 0x000001e987ecee40 Thread added: 0x000001e987ecee40
Event: 0.412 Thread 0x000001e987f50d50 Thread added: 0x000001e987f50d50
Event: 0.467 Loaded shared library C:\Program Files\Java\jdk-18.0.1.1\bin\javajpeg.dll
Event: 0.553 Thread 0x000001e987f7bf30 Thread added: 0x000001e987f7bf30
Event: 0.577 Loaded shared library C:\Program Files\Java\jdk-18.0.1.1\bin\freetype.dll
Event: 0.578 Loaded shared library C:\Program Files\Java\jdk-18.0.1.1\bin\fontmanager.dll
Event: 0.680 Thread 0x000001e9e7b1c1e0 Thread exited: 0x000001e9e7b1c1e0
Event: 0.681 Thread 0x000001e9e7b1c1e0 Thread added: 0x000001e9e7b1c1e0


Dynamic libraries:
0x00007ff74d150000 - 0x00007ff74d160000 	C:\Program Files\Java\jdk-18.0.1.1\bin\java.exe
0x00007ffc083f0000 - 0x00007ffc08604000 	C:\WINDOWS\SYSTEM32\ntdll.dll
0x00007ffc07fd0000 - 0x00007ffc08093000 	C:\WINDOWS\System32\KERNEL32.DLL
0x00007ffc05df0000 - 0x00007ffc0618c000 	C:\WINDOWS\System32\KERNELBASE.dll
0x00007ffc05b70000 - 0x00007ffc05c81000 	C:\WINDOWS\System32\ucrtbase.dll
0x00007ffbf1cf0000 - 0x00007ffbf1d08000 	C:\Program Files\Java\jdk-18.0.1.1\bin\jli.dll
0x00007ffbf5520000 - 0x00007ffbf553a000 	C:\Program Files\Java\jdk-18.0.1.1\bin\VCRUNTIME140.dll
0x00007ffc080b0000 - 0x00007ffc0815e000 	C:\WINDOWS\System32\ADVAPI32.dll
0x00007ffc06200000 - 0x00007ffc062a7000 	C:\WINDOWS\System32\msvcrt.dll
0x00007ffc07f20000 - 0x00007ffc07fc4000 	C:\WINDOWS\System32\sechost.dll
0x00007ffc07350000 - 0x00007ffc07465000 	C:\WINDOWS\System32\RPCRT4.dll
0x00007ffc07a90000 - 0x00007ffc07c3d000 	C:\WINDOWS\System32\USER32.dll
0x00007ffc05a20000 - 0x00007ffc05a46000 	C:\WINDOWS\System32\win32u.dll
0x00007ffbebac0000 - 0x00007ffbebd4e000 	C:\WINDOWS\WinSxS\amd64_microsoft.windows.common-controls_6595b64144ccf1df_6.0.22621.608_none_a9444ca7c10bb01d\COMCTL32.dll
0x00007ffc066a0000 - 0x00007ffc066c9000 	C:\WINDOWS\System32\GDI32.dll
0x00007ffc05a50000 - 0x00007ffc05b63000 	C:\WINDOWS\System32\gdi32full.dll
0x00007ffc05d50000 - 0x00007ffc05dea000 	C:\WINDOWS\System32\msvcp_win.dll
0x00007ffbfc5a0000 - 0x00007ffbfc5aa000 	C:\WINDOWS\SYSTEM32\VERSION.dll
0x00007ffc07c40000 - 0x00007ffc07c71000 	C:\WINDOWS\System32\IMM32.DLL
0x00007ffbf5600000 - 0x00007ffbf560c000 	C:\Program Files\Java\jdk-18.0.1.1\bin\vcruntime140_1.dll
0x00007ffbc44b0000 - 0x00007ffbc453d000 	C:\Program Files\Java\jdk-18.0.1.1\bin\msvcp140.dll
0x00007ffb8a8e0000 - 0x00007ffb8b4f0000 	C:\Program Files\Java\jdk-18.0.1.1\bin\server\jvm.dll
0x00007ffc080a0000 - 0x00007ffc080a8000 	C:\WINDOWS\System32\PSAPI.DLL
0x00007ffc03590000 - 0x00007ffc03599000 	C:\WINDOWS\SYSTEM32\WSOCK32.dll
0x00007ffbf4670000 - 0x00007ffbf46a4000 	C:\WINDOWS\SYSTEM32\WINMM.dll
0x00007ffc07530000 - 0x00007ffc075a1000 	C:\WINDOWS\System32\WS2_32.dll
0x00007ffc04840000 - 0x00007ffc04858000 	C:\WINDOWS\SYSTEM32\kernel.appcore.dll
0x00007ffbf5510000 - 0x00007ffbf551a000 	C:\Program Files\Java\jdk-18.0.1.1\bin\jimage.dll
0x00007ffc031d0000 - 0x00007ffc033fe000 	C:\WINDOWS\SYSTEM32\DBGHELP.DLL
0x00007ffc06fc0000 - 0x00007ffc07349000 	C:\WINDOWS\System32\combase.dll
0x00007ffc066d0000 - 0x00007ffc067a7000 	C:\WINDOWS\System32\OLEAUT32.dll
0x00007ffbf1d50000 - 0x00007ffbf1d82000 	C:\WINDOWS\SYSTEM32\dbgcore.DLL
0x00007ffc059a0000 - 0x00007ffc05a1b000 	C:\WINDOWS\System32\bcryptPrimitives.dll
0x00007ffbdbc80000 - 0x00007ffbdbca5000 	C:\Program Files\Java\jdk-18.0.1.1\bin\java.dll
0x00007ffbb3360000 - 0x00007ffbb3436000 	C:\Program Files\Java\jdk-18.0.1.1\bin\jsvml.dll
0x00007ffc067b0000 - 0x00007ffc06fa0000 	C:\WINDOWS\System32\SHELL32.dll
0x00007ffc037f0000 - 0x00007ffc040be000 	C:\WINDOWS\SYSTEM32\windows.storage.dll
0x00007ffc036b0000 - 0x00007ffc037ee000 	C:\WINDOWS\SYSTEM32\wintypes.dll
0x00007ffc06530000 - 0x00007ffc06621000 	C:\WINDOWS\System32\SHCORE.dll
0x00007ffc064d0000 - 0x00007ffc0652e000 	C:\WINDOWS\System32\shlwapi.dll
0x00007ffc05760000 - 0x00007ffc05781000 	C:\WINDOWS\SYSTEM32\profapi.dll
0x00007ffbea7d0000 - 0x00007ffbea7e3000 	C:\Program Files\Java\jdk-18.0.1.1\bin\net.dll
0x00007ffbfe120000 - 0x00007ffbfe24f000 	C:\WINDOWS\SYSTEM32\WINHTTP.dll
0x00007ffc04cb0000 - 0x00007ffc04d19000 	C:\WINDOWS\system32\mswsock.dll
0x00007ffbe7bc0000 - 0x00007ffbe7bd6000 	C:\Program Files\Java\jdk-18.0.1.1\bin\nio.dll
0x00007ffbd4b70000 - 0x00007ffbd4b88000 	C:\Program Files\Java\jdk-18.0.1.1\bin\zip.dll
0x00007ffbb31d0000 - 0x00007ffbb335f000 	C:\Program Files\Java\jdk-18.0.1.1\bin\awt.dll
0x00007ffc02840000 - 0x00007ffc028d7000 	C:\WINDOWS\SYSTEM32\apphelp.dll
0x00007ffc02d20000 - 0x00007ffc02d4b000 	C:\WINDOWS\system32\DWMAPI.DLL
0x00007ffc029e0000 - 0x00007ffc02a8b000 	C:\WINDOWS\system32\uxtheme.dll
0x00007ffbe3170000 - 0x00007ffbe3270000 	C:\WINDOWS\system32\opengl32.dll
0x00007ffbec950000 - 0x00007ffbec97d000 	C:\WINDOWS\SYSTEM32\GLU32.dll
0x00007ffc02ae0000 - 0x00007ffc02b16000 	C:\WINDOWS\SYSTEM32\dxcore.dll
0x00007ffc062b0000 - 0x00007ffc063ce000 	C:\WINDOWS\System32\MSCTF.dll
0x00007ffc07d10000 - 0x00007ffc07eac000 	C:\WINDOWS\System32\ole32.dll
0x00007ffbff420000 - 0x00007ffbff44d000 	C:\Program Files\Java\jdk-18.0.1.1\bin\javajpeg.dll
0x00007ffb979e0000 - 0x00007ffb97a69000 	C:\Program Files\Java\jdk-18.0.1.1\bin\freetype.dll
0x00007ffb93d80000 - 0x00007ffb93e28000 	C:\Program Files\Java\jdk-18.0.1.1\bin\fontmanager.dll
0x00007ffbf3d30000 - 0x00007ffbf3e5e000 	C:\WINDOWS\SYSTEM32\textinputframework.dll
0x00007ffbda010000 - 0x00007ffbda451000 	C:\Windows\System32\uiautomationcore.dll
0x00007ffbe45c0000 - 0x00007ffbe4629000 	C:\Windows\System32\OLEACC.dll
0x00007ffc07480000 - 0x00007ffc07530000 	C:\WINDOWS\System32\clbcatq.dll

dbghelp: loaded successfully - version: 4.0.5 - missing functions: none
symbol engine: initialized successfully - sym options: 0x614 - pdb path: .;C:\Program Files\Java\jdk-18.0.1.1\bin;C:\WINDOWS\SYSTEM32;C:\WINDOWS\WinSxS\amd64_microsoft.windows.common-controls_6595b64144ccf1df_6.0.22621.608_none_a9444ca7c10bb01d;C:\Program Files\Java\jdk-18.0.1.1\bin\server

VM Arguments:
jvm_args: -Dfile.encoding=UTF-8 --module-path=E:\netbeans java projects\Bank Management System\build\classes 
java_command: bank.management.system.Transactions
java_class_path (initial): E:\netbeans java projects\jcalendar-tz-1.3.3-4 used in making calender.jar;C:\Users\hp\Downloads\mysql-connector-java-8.0.28 (2).jar;E:\netbeans java projects\Bank Management System\build\classes
Launcher Type: SUN_STANDARD

[Global flags]
     intx CICompilerCount                          = 4                                         {product} {ergonomic}
     uint ConcGCThreads                            = 2                                         {product} {ergonomic}
     uint G1ConcRefinementThreads                  = 8                                         {product} {ergonomic}
   size_t G1HeapRegionSize                         = 1048576                                   {product} {ergonomic}
    uintx GCDrainStackTargetSize                   = 64                                        {product} {ergonomic}
   size_t InitialHeapSize                          = 67108864                                  {product} {ergonomic}
   size_t MarkStackSize                            = 4194304                                   {product} {ergonomic}
   size_t MaxHeapSize                              = 1052770304                                {product} {ergonomic}
   size_t MaxNewSize                               = 631242752                                 {product} {ergonomic}
   size_t MinHeapDeltaBytes                        = 1048576                                   {product} {ergonomic}
   size_t MinHeapSize                              = 8388608                                   {product} {ergonomic}
    uintx NonNMethodCodeHeapSize                   = 5839372                                {pd product} {ergonomic}
    uintx NonProfiledCodeHeapSize                  = 122909434                              {pd product} {ergonomic}
    uintx ProfiledCodeHeapSize                     = 122909434                              {pd product} {ergonomic}
    uintx ReservedCodeCacheSize                    = 251658240                              {pd product} {ergonomic}
     bool SegmentedCodeCache                       = true                                      {product} {ergonomic}
   size_t SoftMaxHeapSize                          = 1052770304                             {manageable} {ergonomic}
     bool UseCompressedClassPointers               = true                           {product lp64_product} {ergonomic}
     bool UseCompressedOops                        = true                           {product lp64_product} {ergonomic}
     bool UseG1GC                                  = true                                      {product} {ergonomic}
     bool UseLargePagesIndividualAllocation        = false                                  {pd product} {ergonomic}

Logging:
Log output configuration:
 #0: stdout all=warning uptime,level,tags foldmultilines=false
 #1: stderr all=off uptime,level,tags foldmultilines=false

Environment Variables:
JAVA_HOME=C:\Program Files\Java\jdk-18.0.1.1
PATH=E:\oracle\app\oracle\product\10.2.0\server\bin;C:\Program Files\Common Files\Oracle\Java\javapath;C:\WINDOWS\system32;C:\WINDOWS;C:\WINDOWS\System32\Wbem;C:\WINDOWS\System32\WindowsPowerShell\v1.0\;C:\WINDOWS\System32\OpenSSH\;C:\Program Files\Git\cmd;C:\Program Files\Java\jdk-18.0.1.1\bin;C:\Program Files\MATLAB\R2022a\runtime\win64;C:\Program Files\MATLAB\R2022a\bin;C:\Program Files\dotnet\;C:\Program Files\MySQL\MySQL Shell 8.0\bin\;C:\Users\hp\AppData\Local\Programs\Python\Python311\Scripts\;C:\Users\hp\AppData\Local\Programs\Python\Python311\;C:\Users\hp\AppData\Local\Microsoft\WindowsApps;C:\Users\hp\AppData\Local\Programs\Microsoft VS Code\bin;C:\msys64\mingw64\bin;C:\msys64\mingw32\bin;C:\src\flutter\flutter\bin;C:\Users\hp\AppData\Local\Programs\MiKTeX\miktex\bin\x64\;
USERNAME=hp
OS=Windows_NT
PROCESSOR_IDENTIFIER=Intel64 Family 6 Model 142 Stepping 10, GenuineIntel



---------------  S Y S T E M  ---------------

OS:
 Windows 11 , 64 bit Build 22621 (10.0.22621.1344)
OS uptime: 6 days 23:47 hours
Hyper-V role detected

CPU: total 8 (initial active 8) (4 cores per cpu, 2 threads per core) family 6 model 142 stepping 10 microcode 0xe0, cx8, cmov, fxsr, ht, mmx, 3dnowpref, sse, sse2, sse3, ssse3, sse4.1, sse4.2, popcnt, lzcnt, tsc, tscinvbit, avx, avx2, aes, erms, clmul, bmi1, bmi2, adx, fma, vzeroupper, clflush, clflushopt, hv

Memory: 4k page, system-wide physical 4012M (210M free)
TotalPageFile size 16300M (AvailPageFile size 0M)
current process WorkingSet (physical memory assigned to process): 77M, peak: 77M
current process commit charge ("private bytes"): 154M, peak: 155M

vm_info: Java HotSpot(TM) 64-Bit Server VM (18.0.1.1+2-6) for windows-amd64 JRE (18.0.1.1+2-6), built on Apr 25 2022 21:53:15 by "mach5one" with MS VC++ 16.8 / 16.9 (VS2019)

END.
